[  126256ms] [ERROR] Failed to load resource: net::ERR_INCOMPLETE_CHUNKED_ENCODING @ http://localhost:3000/api/events/test-event-v0pvqg/stream:0
[  127262ms] [ERROR] WebSocket connection to 'ws://localhost:3000/_next/webpack-hmr?id=DWKiQ7O5SVnzh63E6olQo' failed: Error in connection establishment: net::ERR_CONNECTION_REFUSED @ http://localhost:3000/_next/static/chunks/11y7_next_dist_client_05xkkjc._.js:13299
[  128266ms] [ERROR] WebSocket connection to 'ws://localhost:3000/_next/webpack-hmr?id=DWKiQ7O5SVnzh63E6olQo' failed: Error in connection establishment: net::ERR_CONNECTION_REFUSED @ http://localhost:3000/_next/static/chunks/11y7_next_dist_client_05xkkjc._.js:13299
[  129260ms] [ERROR] Failed to load resource: net::ERR_CONNECTION_REFUSED @ http://localhost:3000/api/events/test-event-v0pvqg/stream:0
[  129270ms] [ERROR] WebSocket connection to 'ws://localhost:3000/_next/webpack-hmr?id=DWKiQ7O5SVnzh63E6olQo' failed: Error in connection establishment: net::ERR_CONNECTION_REFUSED @ http://localhost:3000/_next/static/chunks/11y7_next_dist_client_05xkkjc._.js:13299
[  130273ms] [ERROR] WebSocket connection to 'ws://localhost:3000/_next/webpack-hmr?id=DWKiQ7O5SVnzh63E6olQo' failed: Error in connection establishment: net::ERR_CONNECTION_REFUSED @ http://localhost:3000/_next/static/chunks/11y7_next_dist_client_05xkkjc._.js:13299
[  131277ms] [ERROR] WebSocket connection to 'ws://localhost:3000/_next/webpack-hmr?id=DWKiQ7O5SVnzh63E6olQo' failed: Error in connection establishment: net::ERR_CONNECTION_REFUSED @ http://localhost:3000/_next/static/chunks/11y7_next_dist_client_05xkkjc._.js:13299
[  132264ms] [ERROR] Failed to load resource: net::ERR_CONNECTION_REFUSED @ http://localhost:3000/api/events/test-event-v0pvqg/stream:0
[  135268ms] [ERROR] Failed to load resource: net::ERR_CONNECTION_REFUSED @ http://localhost:3000/api/events/test-event-v0pvqg/stream:0
[  136281ms] [ERROR] WebSocket connection to 'ws://localhost:3000/_next/webpack-hmr?id=DWKiQ7O5SVnzh63E6olQo' failed: Error in connection establishment: net::ERR_CONNECTION_REFUSED @ http://localhost:3000/_next/static/chunks/11y7_next_dist_client_05xkkjc._.js:13299
[  138271ms] [ERROR] Failed to load resource: net::ERR_CONNECTION_REFUSED @ http://localhost:3000/api/events/test-event-v0pvqg/stream:0
[  141276ms] [ERROR] Failed to load resource: net::ERR_CONNECTION_REFUSED @ http://localhost:3000/api/events/test-event-v0pvqg/stream:0
[  141283ms] [ERROR] WebSocket connection to 'ws://localhost:3000/_next/webpack-hmr?id=DWKiQ7O5SVnzh63E6olQo' failed: Error in connection establishment: net::ERR_CONNECTION_REFUSED @ http://localhost:3000/_next/static/chunks/11y7_next_dist_client_05xkkjc._.js:13299
[  144280ms] [ERROR] Failed to load resource: net::ERR_CONNECTION_REFUSED @ http://localhost:3000/api/events/test-event-v0pvqg/stream:0
[  146288ms] [ERROR] WebSocket connection to 'ws://localhost:3000/_next/webpack-hmr?id=DWKiQ7O5SVnzh63E6olQo' failed: Error in connection establishment: net::ERR_CONNECTION_REFUSED @ http://localhost:3000/_next/static/chunks/11y7_next_dist_client_05xkkjc._.js:13299
[  147284ms] [ERROR] Failed to load resource: net::ERR_CONNECTION_REFUSED @ http://localhost:3000/api/events/test-event-v0pvqg/stream:0
[  150288ms] [ERROR] Failed to load resource: net::ERR_CONNECTION_REFUSED @ http://localhost:3000/api/events/test-event-v0pvqg/stream:0
[  151293ms] [ERROR] WebSocket connection to 'ws://localhost:3000/_next/webpack-hmr?id=DWKiQ7O5SVnzh63E6olQo' failed: Error in connection establishment: net::ERR_CONNECTION_REFUSED @ http://localhost:3000/_next/static/chunks/11y7_next_dist_client_05xkkjc._.js:13299
[  153293ms] [ERROR] Failed to load resource: net::ERR_CONNECTION_REFUSED @ http://localhost:3000/api/events/test-event-v0pvqg/stream:0
[  156295ms] [ERROR] WebSocket connection to 'ws://localhost:3000/_next/webpack-hmr?id=DWKiQ7O5SVnzh63E6olQo' failed: Error in connection establishment: net::ERR_CONNECTION_REFUSED @ http://localhost:3000/_next/static/chunks/11y7_next_dist_client_05xkkjc._.js:13299
[  156295ms] [ERROR] Failed to load resource: net::ERR_CONNECTION_REFUSED @ http://localhost:3000/api/events/test-event-v0pvqg/stream:0
[  159298ms] [ERROR] Failed to load resource: net::ERR_CONNECTION_REFUSED @ http://localhost:3000/api/events/test-event-v0pvqg/stream:0
[ 2134966ms] [ERROR] Failed to load resource: net::ERR_INCOMPLETE_CHUNKED_ENCODING @ http://localhost:3000/api/events/test-event-v0pvqg/stream:0
[ 2135970ms] [ERROR] WebSocket connection to 'ws://localhost:3000/_next/webpack-hmr?id=GQoF2o-Se79SaYjdtVQ8N' failed: Error in connection establishment: net::ERR_CONNECTION_REFUSED @ http://localhost:3000/_next/static/chunks/11y7_next_dist_client_05xkkjc._.js:13299
[ 2136974ms] [ERROR] WebSocket connection to 'ws://localhost:3000/_next/webpack-hmr?id=GQoF2o-Se79SaYjdtVQ8N' failed: Error in connection establishment: net::ERR_CONNECTION_REFUSED @ http://localhost:3000/_next/static/chunks/11y7_next_dist_client_05xkkjc._.js:13299
[ 2137970ms] [ERROR] Failed to load resource: net::ERR_CONNECTION_REFUSED @ http://localhost:3000/api/events/test-event-v0pvqg/stream:0
[ 2137976ms] [ERROR] WebSocket connection to 'ws://localhost:3000/_next/webpack-hmr?id=GQoF2o-Se79SaYjdtVQ8N' failed: Error in connection establishment: net::ERR_CONNECTION_REFUSED @ http://localhost:3000/_next/static/chunks/11y7_next_dist_client_05xkkjc._.js:13299
[ 2138979ms] [ERROR] WebSocket connection to 'ws://localhost:3000/_next/webpack-hmr?id=GQoF2o-Se79SaYjdtVQ8N' failed: Error in connection establishment: net::ERR_CONNECTION_REFUSED @ http://localhost:3000/_next/static/chunks/11y7_next_dist_client_05xkkjc._.js:13299
[ 2139982ms] [ERROR] WebSocket connection to 'ws://localhost:3000/_next/webpack-hmr?id=GQoF2o-Se79SaYjdtVQ8N' failed: Error in connection establishment: net::ERR_CONNECTION_REFUSED @ http://localhost:3000/_next/static/chunks/11y7_next_dist_client_05xkkjc._.js:13299
[ 2140972ms] [ERROR] Failed to load resource: net::ERR_CONNECTION_REFUSED @ http://localhost:3000/api/events/test-event-v0pvqg/stream:0
[ 2143976ms] [ERROR] Failed to load resource: net::ERR_CONNECTION_REFUSED @ http://localhost:3000/api/events/test-event-v0pvqg/stream:0
[ 2144986ms] [ERROR] WebSocket connection to 'ws://localhost:3000/_next/webpack-hmr?id=GQoF2o-Se79SaYjdtVQ8N' failed: Error in connection establishment: net::ERR_CONNECTION_REFUSED @ http://localhost:3000/_next/static/chunks/11y7_next_dist_client_05xkkjc._.js:13299
[ 2146979ms] [ERROR] Failed to load resource: net::ERR_CONNECTION_REFUSED @ http://localhost:3000/api/events/test-event-v0pvqg/stream:0
[ 2149983ms] [ERROR] Failed to load resource: net::ERR_CONNECTION_REFUSED @ http://localhost:3000/api/events/test-event-v0pvqg/stream:0
[ 2149989ms] [ERROR] WebSocket connection to 'ws://localhost:3000/_next/webpack-hmr?id=GQoF2o-Se79SaYjdtVQ8N' failed: Error in connection establishment: net::ERR_CONNECTION_REFUSED @ http://localhost:3000/_next/static/chunks/11y7_next_dist_client_05xkkjc._.js:13299
[ 2152987ms] [ERROR] Failed to load resource: net::ERR_CONNECTION_REFUSED @ http://localhost:3000/api/events/test-event-v0pvqg/stream:0
[ 2154991ms] [ERROR] WebSocket connection to 'ws://localhost:3000/_next/webpack-hmr?id=GQoF2o-Se79SaYjdtVQ8N' failed: Error in connection establishment: net::ERR_CONNECTION_REFUSED @ http://localhost:3000/_next/static/chunks/11y7_next_dist_client_05xkkjc._.js:13299
[ 2155991ms] [ERROR] Failed to load resource: net::ERR_CONNECTION_REFUSED @ http://localhost:3000/api/events/test-event-v0pvqg/stream:0
[ 2158994ms] [ERROR] Failed to load resource: net::ERR_CONNECTION_REFUSED @ http://localhost:3000/api/events/test-event-v0pvqg/stream:0
[ 2159995ms] [ERROR] WebSocket connection to 'ws://localhost:3000/_next/webpack-hmr?id=GQoF2o-Se79SaYjdtVQ8N' failed: Error in connection establishment: net::ERR_CONNECTION_REFUSED @ http://localhost:3000/_next/static/chunks/11y7_next_dist_client_05xkkjc._.js:13299
