[     260ms] Error: Hydration failed because the server rendered HTML didn't match the client. As a result this tree will be regenerated on the client. This can happen if a SSR-ed Client Component used:

- A server/client branch `if (typeof window !== 'undefined')`.
- Variable input such as `Date.now()` or `Math.random()` which changes each time it's called.
- Date formatting in a user's locale which doesn't match the server.
- External changing data without sending a snapshot of it along with the HTML.
- Invalid HTML tag nesting.

It can also happen if the client has a browser extension installed which messes with the HTML before React loaded.

https://react.dev/link/hydration-mismatch

  ...
    <RenderFromTemplateContext>
      <ScrollAndMaybeFocusHandler cacheNode={{rsc:{...}, ...}}>
        <InnerScrollAndFocusHandlerOld focusAndScrollRef={{scrollRef:null, ...}} cacheNode={{rsc:{...}, ...}}>
          <ErrorBoundary errorComponent={undefined} errorStyles={undefined} errorScripts={undefined}>
            <LoadingBoundary name="test-event..." loading={null}>
              <HTTPAccessFallbackBoundary notFound={undefined} forbidden={undefined} unauthorized={undefined}>
                <RedirectBoundary>
                  <RedirectErrorBoundary router={{...}}>
                    <InnerLayoutRouter url="/e/test-ev..." tree={[...]} params={{slug:"test..."}} ...>
                      <SegmentViewNode type="page" pagePath="e/[slug]/p...">
                        <SegmentTrieNode>
                        <EventPage>
                          <main className="app-shell ...">
                            <PublicEventClient slug="test-event..." initialSnapshot={{id:"cmn7mk...", ...}} ...>
                              <div
+                               className="grid gap-4 xl:grid-cols-[minmax(0,1fr)_250px]"
-                               className="grid gap-6 xl:grid-cols-[1fr_320px]"
                              >
                                <div
+                                 className="space-y-4"
-                                 className="space-y-6"
                                >
                                  <Card>
                                    <div data-slot="card" className="rounded-xl...">
                                      <CardHeader className="gap-3 p-4">
                                        <div
                                          data-slot="card-header"
+                                         className="flex flex-col space-y-1.5 gap-3 p-4"
-                                         className="space-y-1.5 p-6 flex flex-col gap-4 lg:flex-row lg:items-start lg..."
                                        >
                                          <div
+                                           className="flex flex-col gap-3 lg:flex-row lg:items-start lg:justify-between"
-                                           className="space-y-3"
                                          >
                                            <div
+                                             className="space-y-2"
-                                             className="flex flex-wrap items-center gap-2 text-xs font-medium trackin..."
                                            >
+                                             <div
+                                               className="flex flex-wrap items-center gap-2 text-[10px] font-medium t..."
+                                             >
-                                             <span className="inline-flex items-center gap-1">
                                              ...
                                          ...
                                  ...
                                ...
                      ...
                    ...
          ...

    at throwOnHydrationMismatch (http://localhost:3000/_next/static/chunks/11y7_next_dist_compiled_react-dom_02ci42l._.js:3318:56)
    at beginWork (http://localhost:3000/_next/static/chunks/11y7_next_dist_compiled_react-dom_02ci42l._.js:6758:918)
    at runWithFiberInDEV (http://localhost:3000/_next/static/chunks/11y7_next_dist_compiled_react-dom_02ci42l._.js:965:74)
    at performUnitOfWork (http://localhost:3000/_next/static/chunks/11y7_next_dist_compiled_react-dom_02ci42l._.js:9555:97)
    at workLoopConcurrentByScheduler (http://localhost:3000/_next/static/chunks/11y7_next_dist_compiled_react-dom_02ci42l._.js:9551:58)
    at renderRootConcurrent (http://localhost:3000/_next/static/chunks/11y7_next_dist_compiled_react-dom_02ci42l._.js:9534:71)
    at performWorkOnRoot (http://localhost:3000/_next/static/chunks/11y7_next_dist_compiled_react-dom_02ci42l._.js:9061:150)
    at performWorkOnRootViaSchedulerTask (http://localhost:3000/_next/static/chunks/11y7_next_dist_compiled_react-dom_02ci42l._.js:10255:9)
    at MessagePort.performWorkUntilDeadline (http://localhost:3000/_next/static/chunks/11y7_next_dist_compiled_03xgjy_._.js:2647:64)
[   16822ms] [ERROR] Failed to load resource: net::ERR_INCOMPLETE_CHUNKED_ENCODING @ http://localhost:3000/api/events/test-event-v0pvqg/stream:0
[   17827ms] [ERROR] WebSocket connection to 'ws://localhost:3000/_next/webpack-hmr?id=qsEi6S61pyQbkmc2Lvd0a' failed: Error in connection establishment: net::ERR_CONNECTION_REFUSED @ http://localhost:3000/_next/static/chunks/11y7_next_dist_client_05xkkjc._.js:13299
[   18829ms] [ERROR] WebSocket connection to 'ws://localhost:3000/_next/webpack-hmr?id=qsEi6S61pyQbkmc2Lvd0a' failed: Error in connection establishment: net::ERR_CONNECTION_REFUSED @ http://localhost:3000/_next/static/chunks/11y7_next_dist_client_05xkkjc._.js:13299
[   19826ms] [ERROR] Failed to load resource: net::ERR_CONNECTION_REFUSED @ http://localhost:3000/api/events/test-event-v0pvqg/stream:0
[   19831ms] [ERROR] WebSocket connection to 'ws://localhost:3000/_next/webpack-hmr?id=qsEi6S61pyQbkmc2Lvd0a' failed: Error in connection establishment: net::ERR_CONNECTION_REFUSED @ http://localhost:3000/_next/static/chunks/11y7_next_dist_client_05xkkjc._.js:13299
[   20835ms] [ERROR] WebSocket connection to 'ws://localhost:3000/_next/webpack-hmr?id=qsEi6S61pyQbkmc2Lvd0a' failed: Error in connection establishment: net::ERR_CONNECTION_REFUSED @ http://localhost:3000/_next/static/chunks/11y7_next_dist_client_05xkkjc._.js:13299
[   21838ms] [ERROR] WebSocket connection to 'ws://localhost:3000/_next/webpack-hmr?id=qsEi6S61pyQbkmc2Lvd0a' failed: Error in connection establishment: net::ERR_CONNECTION_REFUSED @ http://localhost:3000/_next/static/chunks/11y7_next_dist_client_05xkkjc._.js:13299
[   22829ms] [ERROR] Failed to load resource: net::ERR_CONNECTION_REFUSED @ http://localhost:3000/api/events/test-event-v0pvqg/stream:0
[   25831ms] [ERROR] Failed to load resource: net::ERR_CONNECTION_REFUSED @ http://localhost:3000/api/events/test-event-v0pvqg/stream:0
[   26843ms] [ERROR] WebSocket connection to 'ws://localhost:3000/_next/webpack-hmr?id=qsEi6S61pyQbkmc2Lvd0a' failed: Error in connection establishment: net::ERR_CONNECTION_REFUSED @ http://localhost:3000/_next/static/chunks/11y7_next_dist_client_05xkkjc._.js:13299
[   28832ms] [ERROR] Failed to load resource: net::ERR_CONNECTION_REFUSED @ http://localhost:3000/api/events/test-event-v0pvqg/stream:0
