[   50735ms] [ERROR] The result of getSnapshot should be cached to avoid an infinite loop @ http://localhost:3000/_next/static/chunks/11y7_next_dist_0bi0ewc._.js:3272
[   50767ms] Error: Maximum update depth exceeded. This can happen when a component repeatedly calls setState inside componentWillUpdate or componentDidUpdate. React limits the number of nested updates to prevent infinite loops.
    at getRootForUpdatedFiber (http://localhost:3000/_next/static/chunks/11y7_next_dist_compiled_react-dom_02ci42l._.js:2967:171)
    at enqueueConcurrentRenderForLane (http://localhost:3000/_next/static/chunks/11y7_next_dist_compiled_react-dom_02ci42l._.js:2955:16)
    at forceStoreRerender (http://localhost:3000/_next/static/chunks/11y7_next_dist_compiled_react-dom_02ci42l._.js:5010:20)
    at updateStoreInstance (http://localhost:3000/_next/static/chunks/11y7_next_dist_compiled_react-dom_02ci42l._.js:4992:41)
    at Object.react_stack_bottom_frame (http://localhost:3000/_next/static/chunks/11y7_next_dist_compiled_react-dom_02ci42l._.js:15087:22)
    at runWithFiberInDEV (http://localhost:3000/_next/static/chunks/11y7_next_dist_compiled_react-dom_02ci42l._.js:965:74)
    at commitHookEffectListMount (http://localhost:3000/_next/static/chunks/11y7_next_dist_compiled_react-dom_02ci42l._.js:7255:167)
    at commitHookPassiveMountEffects (http://localhost:3000/_next/static/chunks/11y7_next_dist_compiled_react-dom_02ci42l._.js:7290:60)
    at commitPassiveMountOnFiber (http://localhost:3000/_next/static/chunks/11y7_next_dist_compiled_react-dom_02ci42l._.js:8689:33)
    at recursivelyTraversePassiveMountEffects (http://localhost:3000/_next/static/chunks/11y7_next_dist_compiled_react-dom_02ci42l._.js:8676:316)
    at commitPassiveMountOnFiber (http://localhost:3000/_next/static/chunks/11y7_next_dist_compiled_react-dom_02ci42l._.js:8750:17)
    at recursivelyTraversePassiveMountEffects (http://localhost:3000/_next/static/chunks/11y7_next_dist_compiled_react-dom_02ci42l._.js:8676:316)
    at commitPassiveMountOnFiber (http://localhost:3000/_next/static/chunks/11y7_next_dist_compiled_react-dom_02ci42l._.js:8750:17)
    at recursivelyTraversePassiveMountEffects (http://localhost:3000/_next/static/chunks/11y7_next_dist_compiled_react-dom_02ci42l._.js:8676:316)
    at commitPassiveMountOnFiber (http://localhost:3000/_next/static/chunks/11y7_next_dist_compiled_react-dom_02ci42l._.js:8688:17)
    at recursivelyTraversePassiveMountEffects (http://localhost:3000/_next/static/chunks/11y7_next_dist_compiled_react-dom_02ci42l._.js:8676:316)
    at commitPassiveMountOnFiber (http://localhost:3000/_next/static/chunks/11y7_next_dist_compiled_react-dom_02ci42l._.js:8750:17)
    at recursivelyTraversePassiveMountEffects (http://localhost:3000/_next/static/chunks/11y7_next_dist_compiled_react-dom_02ci42l._.js:8676:316)
    at commitPassiveMountOnFiber (http://localhost:3000/_next/static/chunks/11y7_next_dist_compiled_react-dom_02ci42l._.js:8750:17)
    at recursivelyTraversePassiveMountEffects (http://localhost:3000/_next/static/chunks/11y7_next_dist_compiled_react-dom_02ci42l._.js:8676:316)
    at commitPassiveMountOnFiber (http://localhost:3000/_next/static/chunks/11y7_next_dist_compiled_react-dom_02ci42l._.js:8688:17)
    at recursivelyTraversePassiveMountEffects (http://localhost:3000/_next/static/chunks/11y7_next_dist_compiled_react-dom_02ci42l._.js:8676:316)
    at commitPassiveMountOnFiber (http://localhost:3000/_next/static/chunks/11y7_next_dist_compiled_react-dom_02ci42l._.js:8693:17)
    at recursivelyTraversePassiveMountEffects (http://localhost:3000/_next/static/chunks/11y7_next_dist_compiled_react-dom_02ci42l._.js:8676:316)
    at commitPassiveMountOnFiber (http://localhost:3000/_next/static/chunks/11y7_next_dist_compiled_react-dom_02ci42l._.js:8688:17)
    at recursivelyTraversePassiveMountEffects (http://localhost:3000/_next/static/chunks/11y7_next_dist_compiled_react-dom_02ci42l._.js:8676:316)
    at commitPassiveMountOnFiber (http://localhost:3000/_next/static/chunks/11y7_next_dist_compiled_react-dom_02ci42l._.js:8693:17)
    at recursivelyTraversePassiveMountEffects (http://localhost:3000/_next/static/chunks/11y7_next_dist_compiled_react-dom_02ci42l._.js:8676:316)
    at commitPassiveMountOnFiber (http://localhost:3000/_next/static/chunks/11y7_next_dist_compiled_react-dom_02ci42l._.js:8688:17)
    at recursivelyTraversePassiveMountEffects (http://localhost:3000/_next/static/chunks/11y7_next_dist_compiled_react-dom_02ci42l._.js:8676:316)
    at commitPassiveMountOnFiber (http://localhost:3000/_next/static/chunks/11y7_next_dist_compiled_react-dom_02ci42l._.js:8688:17)
    at recursivelyTraversePassiveMountEffects (http://localhost:3000/_next/static/chunks/11y7_next_dist_compiled_react-dom_02ci42l._.js:8676:316)
    at commitPassiveMountOnFiber (http://localhost:3000/_next/static/chunks/11y7_next_dist_compiled_react-dom_02ci42l._.js:8688:17)
    at recursivelyTraversePassiveMountEffects (http://localhost:3000/_next/static/chunks/11y7_next_dist_compiled_react-dom_02ci42l._.js:8676:316)
    at commitPassiveMountOnFiber (http://localhost:3000/_next/static/chunks/11y7_next_dist_compiled_react-dom_02ci42l._.js:8693:17)
    at recursivelyTraversePassiveMountEffects (http://localhost:3000/_next/static/chunks/11y7_next_dist_compiled_react-dom_02ci42l._.js:8676:316)
    at commitPassiveMountOnFiber (http://localhost:3000/_next/static/chunks/11y7_next_dist_compiled_react-dom_02ci42l._.js:8688:17)
    at recursivelyTraversePassiveMountEffects (http://localhost:3000/_next/static/chunks/11y7_next_dist_compiled_react-dom_02ci42l._.js:8676:316)
    at commitPassiveMountOnFiber (http://localhost:3000/_next/static/chunks/11y7_next_dist_compiled_react-dom_02ci42l._.js:8688:17)
    at recursivelyTraversePassiveMountEffects (http://localhost:3000/_next/static/chunks/11y7_next_dist_compiled_react-dom_02ci42l._.js:8676:316)
    at commitPassiveMountOnFiber (http://localhost:3000/_next/static/chunks/11y7_next_dist_compiled_react-dom_02ci42l._.js:8750:17)
    at recursivelyTraversePassiveMountEffects (http://localhost:3000/_next/static/chunks/11y7_next_dist_compiled_react-dom_02ci42l._.js:8676:316)
    at commitPassiveMountOnFiber (http://localhost:3000/_next/static/chunks/11y7_next_dist_compiled_react-dom_02ci42l._.js:8750:17)
    at recursivelyTraversePassiveMountEffects (http://localhost:3000/_next/static/chunks/11y7_next_dist_compiled_react-dom_02ci42l._.js:8676:316)
    at commitPassiveMountOnFiber (http://localhost:3000/_next/static/chunks/11y7_next_dist_compiled_react-dom_02ci42l._.js:8688:17)
    at recursivelyTraversePassiveMountEffects (http://localhost:3000/_next/static/chunks/11y7_next_dist_compiled_react-dom_02ci42l._.js:8676:316)
    at commitPassiveMountOnFiber (http://localhost:3000/_next/static/chunks/11y7_next_dist_compiled_react-dom_02ci42l._.js:8688:17)
    at recursivelyTraversePassiveMountEffects (http://localhost:3000/_next/static/chunks/11y7_next_dist_compiled_react-dom_02ci42l._.js:8676:316)
    at commitPassiveMountOnFiber (http://localhost:3000/_next/static/chunks/11y7_next_dist_compiled_react-dom_02ci42l._.js:8688:17)
    at recursivelyTraversePassiveMountEffects (http://localhost:3000/_next/static/chunks/11y7_next_dist_compiled_react-dom_02ci42l._.js:8676:316)
[  435716ms] [ERROR] WebSocket connection to 'ws://localhost:3000/_next/webpack-hmr?id=bhri81k7MhqatN8owJYul' failed: Error in connection establishment: net::ERR_CONNECTION_REFUSED @ http://localhost:3000/_next/static/chunks/11y7_next_dist_client_05xkkjc._.js:13299
[  436719ms] [ERROR] WebSocket connection to 'ws://localhost:3000/_next/webpack-hmr?id=bhri81k7MhqatN8owJYul' failed: Error in connection establishment: net::ERR_CONNECTION_REFUSED @ http://localhost:3000/_next/static/chunks/11y7_next_dist_client_05xkkjc._.js:13299
[  437723ms] [ERROR] WebSocket connection to 'ws://localhost:3000/_next/webpack-hmr?id=bhri81k7MhqatN8owJYul' failed: Error in connection establishment: net::ERR_CONNECTION_REFUSED @ http://localhost:3000/_next/static/chunks/11y7_next_dist_client_05xkkjc._.js:13299
[  439290ms] [ERROR] The result of getServerSnapshot should be cached to avoid an infinite loop @ http://localhost:3000/_next/static/chunks/11y7_next_dist_0bi0ewc._.js:3272
[  439322ms] Error: Maximum update depth exceeded. This can happen when a component repeatedly calls setState inside componentWillUpdate or componentDidUpdate. React limits the number of nested updates to prevent infinite loops.
    at getRootForUpdatedFiber (http://localhost:3000/_next/static/chunks/11y7_next_dist_compiled_react-dom_02ci42l._.js:2967:171)
    at enqueueConcurrentRenderForLane (http://localhost:3000/_next/static/chunks/11y7_next_dist_compiled_react-dom_02ci42l._.js:2955:16)
    at forceStoreRerender (http://localhost:3000/_next/static/chunks/11y7_next_dist_compiled_react-dom_02ci42l._.js:5010:20)
    at updateStoreInstance (http://localhost:3000/_next/static/chunks/11y7_next_dist_compiled_react-dom_02ci42l._.js:4992:41)
    at Object.react_stack_bottom_frame (http://localhost:3000/_next/static/chunks/11y7_next_dist_compiled_react-dom_02ci42l._.js:15087:22)
    at runWithFiberInDEV (http://localhost:3000/_next/static/chunks/11y7_next_dist_compiled_react-dom_02ci42l._.js:965:74)
    at commitHookEffectListMount (http://localhost:3000/_next/static/chunks/11y7_next_dist_compiled_react-dom_02ci42l._.js:7255:167)
    at commitHookPassiveMountEffects (http://localhost:3000/_next/static/chunks/11y7_next_dist_compiled_react-dom_02ci42l._.js:7290:60)
    at commitPassiveMountOnFiber (http://localhost:3000/_next/static/chunks/11y7_next_dist_compiled_react-dom_02ci42l._.js:8689:33)
    at recursivelyTraversePassiveMountEffects (http://localhost:3000/_next/static/chunks/11y7_next_dist_compiled_react-dom_02ci42l._.js:8676:316)
    at commitPassiveMountOnFiber (http://localhost:3000/_next/static/chunks/11y7_next_dist_compiled_react-dom_02ci42l._.js:8750:17)
    at recursivelyTraversePassiveMountEffects (http://localhost:3000/_next/static/chunks/11y7_next_dist_compiled_react-dom_02ci42l._.js:8676:316)
    at commitPassiveMountOnFiber (http://localhost:3000/_next/static/chunks/11y7_next_dist_compiled_react-dom_02ci42l._.js:8750:17)
    at recursivelyTraversePassiveMountEffects (http://localhost:3000/_next/static/chunks/11y7_next_dist_compiled_react-dom_02ci42l._.js:8676:316)
    at commitPassiveMountOnFiber (http://localhost:3000/_next/static/chunks/11y7_next_dist_compiled_react-dom_02ci42l._.js:8688:17)
    at recursivelyTraversePassiveMountEffects (http://localhost:3000/_next/static/chunks/11y7_next_dist_compiled_react-dom_02ci42l._.js:8676:316)
    at commitPassiveMountOnFiber (http://localhost:3000/_next/static/chunks/11y7_next_dist_compiled_react-dom_02ci42l._.js:8750:17)
    at recursivelyTraversePassiveMountEffects (http://localhost:3000/_next/static/chunks/11y7_next_dist_compiled_react-dom_02ci42l._.js:8676:316)
    at commitPassiveMountOnFiber (http://localhost:3000/_next/static/chunks/11y7_next_dist_compiled_react-dom_02ci42l._.js:8750:17)
    at recursivelyTraversePassiveMountEffects (http://localhost:3000/_next/static/chunks/11y7_next_dist_compiled_react-dom_02ci42l._.js:8676:316)
    at commitPassiveMountOnFiber (http://localhost:3000/_next/static/chunks/11y7_next_dist_compiled_react-dom_02ci42l._.js:8688:17)
    at recursivelyTraversePassiveMountEffects (http://localhost:3000/_next/static/chunks/11y7_next_dist_compiled_react-dom_02ci42l._.js:8676:316)
    at commitPassiveMountOnFiber (http://localhost:3000/_next/static/chunks/11y7_next_dist_compiled_react-dom_02ci42l._.js:8693:17)
    at recursivelyTraversePassiveMountEffects (http://localhost:3000/_next/static/chunks/11y7_next_dist_compiled_react-dom_02ci42l._.js:8676:316)
    at commitPassiveMountOnFiber (http://localhost:3000/_next/static/chunks/11y7_next_dist_compiled_react-dom_02ci42l._.js:8688:17)
    at recursivelyTraversePassiveMountEffects (http://localhost:3000/_next/static/chunks/11y7_next_dist_compiled_react-dom_02ci42l._.js:8676:316)
    at commitPassiveMountOnFiber (http://localhost:3000/_next/static/chunks/11y7_next_dist_compiled_react-dom_02ci42l._.js:8693:17)
    at recursivelyTraversePassiveMountEffects (http://localhost:3000/_next/static/chunks/11y7_next_dist_compiled_react-dom_02ci42l._.js:8676:316)
    at commitPassiveMountOnFiber (http://localhost:3000/_next/static/chunks/11y7_next_dist_compiled_react-dom_02ci42l._.js:8688:17)
    at recursivelyTraversePassiveMountEffects (http://localhost:3000/_next/static/chunks/11y7_next_dist_compiled_react-dom_02ci42l._.js:8676:316)
    at commitPassiveMountOnFiber (http://localhost:3000/_next/static/chunks/11y7_next_dist_compiled_react-dom_02ci42l._.js:8688:17)
    at recursivelyTraversePassiveMountEffects (http://localhost:3000/_next/static/chunks/11y7_next_dist_compiled_react-dom_02ci42l._.js:8676:316)
    at commitPassiveMountOnFiber (http://localhost:3000/_next/static/chunks/11y7_next_dist_compiled_react-dom_02ci42l._.js:8688:17)
    at recursivelyTraversePassiveMountEffects (http://localhost:3000/_next/static/chunks/11y7_next_dist_compiled_react-dom_02ci42l._.js:8676:316)
    at commitPassiveMountOnFiber (http://localhost:3000/_next/static/chunks/11y7_next_dist_compiled_react-dom_02ci42l._.js:8693:17)
    at recursivelyTraversePassiveMountEffects (http://localhost:3000/_next/static/chunks/11y7_next_dist_compiled_react-dom_02ci42l._.js:8676:316)
    at commitPassiveMountOnFiber (http://localhost:3000/_next/static/chunks/11y7_next_dist_compiled_react-dom_02ci42l._.js:8688:17)
    at recursivelyTraversePassiveMountEffects (http://localhost:3000/_next/static/chunks/11y7_next_dist_compiled_react-dom_02ci42l._.js:8676:316)
    at commitPassiveMountOnFiber (http://localhost:3000/_next/static/chunks/11y7_next_dist_compiled_react-dom_02ci42l._.js:8688:17)
    at recursivelyTraversePassiveMountEffects (http://localhost:3000/_next/static/chunks/11y7_next_dist_compiled_react-dom_02ci42l._.js:8676:316)
    at commitPassiveMountOnFiber (http://localhost:3000/_next/static/chunks/11y7_next_dist_compiled_react-dom_02ci42l._.js:8750:17)
    at recursivelyTraversePassiveMountEffects (http://localhost:3000/_next/static/chunks/11y7_next_dist_compiled_react-dom_02ci42l._.js:8676:316)
    at commitPassiveMountOnFiber (http://localhost:3000/_next/static/chunks/11y7_next_dist_compiled_react-dom_02ci42l._.js:8750:17)
    at recursivelyTraversePassiveMountEffects (http://localhost:3000/_next/static/chunks/11y7_next_dist_compiled_react-dom_02ci42l._.js:8676:316)
    at commitPassiveMountOnFiber (http://localhost:3000/_next/static/chunks/11y7_next_dist_compiled_react-dom_02ci42l._.js:8688:17)
    at recursivelyTraversePassiveMountEffects (http://localhost:3000/_next/static/chunks/11y7_next_dist_compiled_react-dom_02ci42l._.js:8676:316)
    at commitPassiveMountOnFiber (http://localhost:3000/_next/static/chunks/11y7_next_dist_compiled_react-dom_02ci42l._.js:8688:17)
    at recursivelyTraversePassiveMountEffects (http://localhost:3000/_next/static/chunks/11y7_next_dist_compiled_react-dom_02ci42l._.js:8676:316)
    at commitPassiveMountOnFiber (http://localhost:3000/_next/static/chunks/11y7_next_dist_compiled_react-dom_02ci42l._.js:8688:17)
    at recursivelyTraversePassiveMountEffects (http://localhost:3000/_next/static/chunks/11y7_next_dist_compiled_react-dom_02ci42l._.js:8676:316)
[  491619ms] [WARNING] [Fast Refresh] performing full reload because your application had an unrecoverable error @ http://localhost:3000/_next/static/chunks/11y7_next_dist_0bi0ewc._.js:2431
